d:\cuda\graphiccw\nclgl\debug\vc120.pdb
d:\cuda\graphiccw\nclgl\debug\vc120.idb
d:\cuda\graphiccw\nclgl\debug\gametimer.obj
d:\cuda\graphiccw\nclgl\debug\heightmap.obj
d:\cuda\graphiccw\nclgl\debug\keyboard.obj
d:\cuda\graphiccw\nclgl\debug\matrix4.obj
d:\cuda\graphiccw\nclgl\debug\md5anim.obj
d:\cuda\graphiccw\nclgl\debug\md5filedata.obj
d:\cuda\graphiccw\nclgl\debug\md5mesh.obj
d:\cuda\graphiccw\nclgl\debug\md5node.obj
d:\cuda\graphiccw\nclgl\debug\mesh.obj
d:\cuda\graphiccw\nclgl\debug\mouse.obj
d:\cuda\graphiccw\nclgl\debug\objmesh.obj
d:\cuda\graphiccw\nclgl\debug\oglrenderer.obj
d:\cuda\graphiccw\nclgl\debug\particleemitter.obj
d:\cuda\graphiccw\nclgl\debug\plane.obj
d:\cuda\graphiccw\nclgl\debug\quaternion.obj
d:\cuda\graphiccw\nclgl\debug\scenenode.obj
d:\cuda\graphiccw\nclgl\debug\shader.obj
d:\cuda\graphiccw\nclgl\debug\textmesh.obj
d:\cuda\graphiccw\nclgl\debug\treemesh.obj
d:\cuda\graphiccw\nclgl\debug\window.obj
d:\cuda\graphiccw\nclgl\debug\camera.obj
d:\cuda\graphiccw\nclgl\debug\cuberobot.obj
d:\cuda\graphiccw\nclgl\debug\frustum.obj
d:\cuda\graphiccw\graphics for games\debug\nclgl.lib
d:\cuda\graphiccw\nclgl\debug\nclgl.tlog\cl.command.1.tlog
d:\cuda\graphiccw\nclgl\debug\nclgl.tlog\cl.read.1.tlog
d:\cuda\graphiccw\nclgl\debug\nclgl.tlog\cl.write.1.tlog
d:\cuda\graphiccw\nclgl\debug\nclgl.tlog\lib-link.read.1.tlog
d:\cuda\graphiccw\nclgl\debug\nclgl.tlog\lib-link.write.1.tlog
d:\cuda\graphiccw\nclgl\debug\nclgl.tlog\lib.command.1.tlog
