Build started 16/08/2015 14:07:39.
     1>Project "D:\Github\FluidSim\GraphicCW\nclgl\nclgl.vcxproj" on node 2 (Build target(s)).
     1>ClCompile:
         D:\Program Files (x86)\Microsoft Visual Studio 12.0\VC\bin\CL.exe /c /ZI /nologo /W3 /WX- /Od /Oy- /D _DEBUG /D _MBCS /Gm /EHsc /RTC1 /MDd /GS /fp:precise /Zc:wchar_t /Zc:forScope /Fo"Debug\\" /Fd"Debug\vc120.pdb" /Gd /TP /analyze- /errorReport:prompt Camera.cpp CubeRobot.cpp Frustum.cpp GameTimer.cpp HeightMap.cpp Keyboard.cpp MD5Anim.cpp MD5FileData.cpp MD5Mesh.cpp MD5Node.cpp Matrix4.cpp Mesh.cpp Mouse.cpp OBJMesh.cpp OGLRenderer.cpp ParticleEmitter.cpp Plane.cpp Quaternion.cpp SceneNode.cpp Shader.cpp TextMesh.cpp TreeMesh.cpp Window.cpp
         Window.cpp
         TreeMesh.cpp
     1>d:\github\fluidsim\graphiccw\nclgl\treemesh.cpp(37): warning C4244: 'argument' : conversion from 'double' to 'const float', possible loss of data
     1>d:\github\fluidsim\graphiccw\nclgl\treemesh.cpp(47): warning C4244: 'argument' : conversion from 'double' to 'const float', possible loss of data
     1>d:\github\fluidsim\graphiccw\nclgl\treemesh.cpp(54): warning C4018: '<' : signed/unsigned mismatch
     1>d:\github\fluidsim\graphiccw\nclgl\treemesh.cpp(129): warning C4018: '<' : signed/unsigned mismatch
     1>d:\github\fluidsim\graphiccw\nclgl\treemesh.cpp(322): warning C4018: '<' : signed/unsigned mismatch
         TextMesh.cpp
         Shader.cpp
         SceneNode.cpp
         Quaternion.cpp
         Plane.cpp
         ParticleEmitter.cpp
         OGLRenderer.cpp
         OBJMesh.cpp
         Mouse.cpp
         Mesh.cpp
         Matrix4.cpp
         MD5Node.cpp
         MD5Mesh.cpp
         MD5FileData.cpp
         MD5Anim.cpp
         Keyboard.cpp
         HeightMap.cpp
         GameTimer.cpp
         Generating Code...
         Compiling...
         Frustum.cpp
         CubeRobot.cpp
         Camera.cpp
         Generating Code...
       Lib:
         D:\Program Files (x86)\Microsoft Visual Studio 12.0\VC\bin\Lib.exe /OUT:"D:\Github\FluidSim\GraphicCW\Graphics For Games\Debug\nclgl.lib" /NOLOGO Debug\Camera.obj
         Debug\CubeRobot.obj
         Debug\Frustum.obj
         Debug\GameTimer.obj
         Debug\HeightMap.obj
         Debug\Keyboard.obj
         Debug\Matrix4.obj
         Debug\MD5Anim.obj
         Debug\MD5FileData.obj
         Debug\MD5Mesh.obj
         Debug\MD5Node.obj
         Debug\Mesh.obj
         Debug\Mouse.obj
         Debug\OBJMesh.obj
         Debug\OGLRenderer.obj
         Debug\ParticleEmitter.obj
         Debug\Plane.obj
         Debug\Quaternion.obj
         Debug\SceneNode.obj
         Debug\Shader.obj
         Debug\TextMesh.obj
         Debug\TreeMesh.obj
         Debug\Window.obj
         nclgl.vcxproj -> D:\Github\FluidSim\GraphicCW\Graphics For Games\Debug\nclgl.lib
     1>Done Building Project "D:\Github\FluidSim\GraphicCW\nclgl\nclgl.vcxproj" (Build target(s)).

Build succeeded.

Time Elapsed 00:00:12.15
