Build started 17/08/2015 14:15:16.
     1>Project "D:\Github\FluidSim\GraphicCW\nclgl\nclgl.vcxproj" on node 2 (Build target(s)).
     1>ClCompile:
         D:\Program Files (x86)\Microsoft Visual Studio 12.0\VC\bin\CL.exe /c /Zi /nologo /W3 /WX- /O2 /Oi /Oy- /GL /D _MBCS /Gm- /EHsc /MD /GS /Gy /fp:precise /Zc:wchar_t /Zc:forScope /Fo"Release\\" /Fd"Release\vc120.pdb" /Gd /TP /analyze- /errorReport:prompt CubeRobot.cpp OBJMesh.cpp
         CubeRobot.cpp
         OBJMesh.cpp
       Lib:
         D:\Program Files (x86)\Microsoft Visual Studio 12.0\VC\bin\Lib.exe /OUT:"D:\Github\FluidSim\GraphicCW\Graphics For Games\Release\nclgl.lib" /NOLOGO /LTCG Release\Camera.obj
         Release\CubeRobot.obj
         Release\Frustum.obj
         Release\GameTimer.obj
         Release\HeightMap.obj
         Release\Keyboard.obj
         Release\Matrix4.obj
         Release\MD5Anim.obj
         Release\MD5FileData.obj
         Release\MD5Mesh.obj
         Release\MD5Node.obj
         Release\Mesh.obj
         Release\Mouse.obj
         Release\OBJMesh.obj
         Release\OGLRenderer.obj
         Release\ParticleEmitter.obj
         Release\Plane.obj
         Release\Quaternion.obj
         Release\SceneNode.obj
         Release\Shader.obj
         Release\TextMesh.obj
         Release\TreeMesh.obj
         Release\Window.obj
         nclgl.vcxproj -> D:\Github\FluidSim\GraphicCW\Graphics For Games\Release\nclgl.lib
     1>Done Building Project "D:\Github\FluidSim\GraphicCW\nclgl\nclgl.vcxproj" (Build target(s)).

Build succeeded.

Time Elapsed 00:00:01.62
