Build started 15/08/2015 20:14:46.
     1>Project "D:\Github\FluidSim\GraphicCW\Graphics For Games\CourseWork\CourseWork.vcxproj" on node 2 (Build target(s)).
     1>C:\Program Files (x86)\MSBuild\Microsoft.Cpp\v4.0\V120\Microsoft.CppBuild.targets(381,5): warning MSB8028: The intermediate directory (Debug\) contains files shared from another project (CourseWork.vcxproj).  This can lead to incorrect clean and rebuild behavior.
     1>AddCudaCompileDeps:
         D:\Program Files (x86)\Microsoft Visual Studio 12.0\VC\bin\cl.exe /E /nologo /showIncludes /TP /D__CUDACC__ /DWIN32 /D_DEBUG /D_CONSOLE /D_UNICODE /DUNICODE /I./ /I../../common/inc /I./ /I"C:\Program Files\NVIDIA GPU Computing Toolkit\CUDA\v7.0\/include" /I../../common/inc /I"C:\Program Files\NVIDIA GPU Computing Toolkit\CUDA\v7.0\bin" /I"C:\Program Files\NVIDIA GPU Computing Toolkit\CUDA\v7.0\include" /I. /FIcuda_runtime.h /c "D:\Github\FluidSim\GraphicCW\Graphics For Games\CourseWork\ParticleCuda.cu" 
       CudaBuild:
         Compiling CUDA source file ParticleCuda.cu...
         cmd.exe /C "C:\Users\cmdadmin\AppData\Local\Temp\tmp3546034652f94bd6b4083285d09f399a.cmd"
         "C:\Program Files\NVIDIA GPU Computing Toolkit\CUDA\v7.0\bin\nvcc.exe" -gencode=arch=compute_20,code=\"sm_20,compute_20\" --use-local-env --cl-version 2013 -ccbin "D:\Program Files (x86)\Microsoft Visual Studio 12.0\VC\bin"  -I./ -I../../common/inc -I./ -I"C:\Program Files\NVIDIA GPU Computing Toolkit\CUDA\v7.0\/include" -I../../common/inc -I"C:\Program Files\NVIDIA GPU Computing Toolkit\CUDA\v7.0\include"  -G   --keep-dir Debug -maxrregcount=0  --machine 32 --compile -cudart static  -g   -DWIN32 -D_DEBUG -D_CONSOLE -D_UNICODE -DUNICODE -Xcompiler "/EHsc /W3 /nologo /Od /Zi /RTC1 /MDd  " -o Debug\ParticleCuda.cu.obj "D:\Github\FluidSim\GraphicCW\Graphics For Games\CourseWork\ParticleCuda.cu"
         
         D:\Github\FluidSim\GraphicCW\Graphics For Games\CourseWork>"C:\Program Files\NVIDIA GPU Computing Toolkit\CUDA\v7.0\bin\nvcc.exe" -gencode=arch=compute_20,code=\"sm_20,compute_20\" --use-local-env --cl-version 2013 -ccbin "D:\Program Files (x86)\Microsoft Visual Studio 12.0\VC\bin"  -I./ -I../../common/inc -I./ -I"C:\Program Files\NVIDIA GPU Computing Toolkit\CUDA\v7.0\/include" -I../../common/inc -I"C:\Program Files\NVIDIA GPU Computing Toolkit\CUDA\v7.0\include"  -G   --keep-dir Debug -maxrregcount=0  --machine 32 --compile -cudart static  -g   -DWIN32 -D_DEBUG -D_CONSOLE -D_UNICODE -DUNICODE -Xcompiler "/EHsc /W3 /nologo /Od /Zi /RTC1 /MDd  " -o Debug\ParticleCuda.cu.obj "D:\Github\FluidSim\GraphicCW\Graphics For Games\CourseWork\ParticleCuda.cu" 
     1>d:\github\fluidsim\graphiccw\graphics for games\coursework\ParticleCudaImp.cuh(287): warning : variable "vel" was declared but never referenced
     1>d:\github\fluidsim\graphiccw\graphics for games\coursework\ParticleCudaImp.cuh(287): warning : variable "vel" was declared but never referenced
         ParticleCuda.cu
       ClCompile:
         D:\Program Files (x86)\Microsoft Visual Studio 12.0\VC\bin\CL.exe /c /I./ /I"C:\Program Files\NVIDIA GPU Computing Toolkit\CUDA\v7.0\/include" /I../../common/inc /ZI /nologo /W3 /WX- /Od /Oy- /D WIN32 /D _DEBUG /D _CONSOLE /D _UNICODE /D UNICODE /Gm /EHsc /RTC1 /MDd /GS /fp:precise /Zc:wchar_t /Zc:forScope /Fo"Debug\\" /Fd"Debug\vc120.pdb" /Gd /TP /analyze- /errorReport:prompt Main.cpp Particles.cpp Renderer.cpp
         Renderer.cpp
         Particles.cpp
     1>d:\github\fluidsim\graphiccw\graphics for games\coursework\particles.cpp(94): warning C4018: '<' : signed/unsigned mismatch
     1>d:\github\fluidsim\graphiccw\graphics for games\coursework\particles.cpp(175): warning C4018: '<' : signed/unsigned mismatch
     1>d:\github\fluidsim\graphiccw\graphics for games\coursework\particles.cpp(213): warning C4244: '=' : conversion from 'float' to 'uint', possible loss of data
     1>d:\github\fluidsim\graphiccw\graphics for games\coursework\particles.cpp(215): warning C4244: '=' : conversion from 'double' to 'uint', possible loss of data
         Generating Code...
         Compiling...
         Main.cpp
         Generating Code...
       Link:
         D:\Program Files (x86)\Microsoft Visual Studio 12.0\VC\bin\link.exe /ERRORREPORT:PROMPT /OUT:"D:\Github\FluidSim\GraphicCW\Graphics For Games\Debug\FluidSim.exe" /INCREMENTAL /NOLOGO /LIBPATH:"C:\Program Files\NVIDIA GPU Computing Toolkit\CUDA\v7.0\lib\Win32" /LIBPATH:../../common/lib/Win32 cudart.lib kernel32.lib user32.lib gdi32.lib winspool.lib comdlg32.lib advapi32.lib shell32.lib ole32.lib oleaut32.lib uuid.lib odbc32.lib odbccp32.lib kernel32.lib user32.lib gdi32.lib winspool.lib comdlg32.lib advapi32.lib shell32.lib ole32.lib oleaut32.lib uuid.lib odbc32.lib odbccp32.lib /MANIFEST /MANIFESTUAC:"level='asInvoker' uiAccess='false'" /manifest:embed /DEBUG /PDB:"D:\Github\FluidSim\GraphicCW\Graphics For Games\Debug\FluidSim.pdb" /SUBSYSTEM:CONSOLE /TLBID:1 /DYNAMICBASE /NXCOMPAT /IMPLIB:"D:\Github\FluidSim\GraphicCW\Graphics For Games\Debug\FluidSim.lib" /MACHINE:X86 Debug\ParticleCuda.cu.obj
         Debug\Main.obj
         Debug\Particles.obj
         Debug\Renderer.obj
     1>SOIL.lib(image_DXT.obj) : warning LNK4099: PDB 'vc120.pdb' was not found with 'SOIL.lib(image_DXT.obj)' or at 'D:\Github\FluidSim\GraphicCW\Graphics For Games\Debug\vc120.pdb'; linking object as if no debug info
     1>SOIL.lib(image_helper.obj) : warning LNK4099: PDB 'vc120.pdb' was not found with 'SOIL.lib(image_helper.obj)' or at 'D:\Github\FluidSim\GraphicCW\Graphics For Games\Debug\vc120.pdb'; linking object as if no debug info
     1>SOIL.lib(SOIL.obj) : warning LNK4099: PDB 'vc120.pdb' was not found with 'SOIL.lib(SOIL.obj)' or at 'D:\Github\FluidSim\GraphicCW\Graphics For Games\Debug\vc120.pdb'; linking object as if no debug info
     1>SOIL.lib(stb_image_aug.obj) : warning LNK4099: PDB 'vc120.pdb' was not found with 'SOIL.lib(stb_image_aug.obj)' or at 'D:\Github\FluidSim\GraphicCW\Graphics For Games\Debug\vc120.pdb'; linking object as if no debug info
         CourseWork.vcxproj -> D:\Github\FluidSim\GraphicCW\Graphics For Games\Debug\FluidSim.exe
     1>Done Building Project "D:\Github\FluidSim\GraphicCW\Graphics For Games\CourseWork\CourseWork.vcxproj" (Build target(s)).

Build succeeded.

Time Elapsed 00:00:22.65
