d:\visual studio 2012\coursework_all\graphics fix\graphics for games\coursework\debug\vc120.pdb
d:\visual studio 2012\coursework_all\graphics fix\graphics for games\coursework\debug\vc120.idb
d:\visual studio 2012\coursework_all\graphics fix\graphics for games\coursework\debug\coursework.obj
d:\visual studio 2012\coursework_all\graphics fix\graphics for games\coursework\debug\renderer.obj
d:\visual studio 2012\coursework_all\graphics fix\graphics for games\coursework\debug\treenode.obj
d:\visual studio 2012\coursework_all\graphics fix\graphics for games\debug\coursework.ilk
d:\visual studio 2012\coursework_all\graphics fix\graphics for games\debug\coursework.exe
d:\visual studio 2012\coursework_all\graphics fix\graphics for games\debug\coursework.pdb
d:\visual studio 2012\coursework_all\graphic\graphics for games\coursework\debug\coursework.obj
d:\visual studio 2012\coursework_all\graphic\graphics for games\coursework\debug\renderer.obj
d:\visual studio 2012\coursework_all\graphic\graphics for games\coursework\debug\treenode.obj
d:\visual studio 2012\coursework_all\graphic\graphics for games\coursework\debug\vc120.idb
d:\visual studio 2012\coursework_all\graphic\graphics for games\coursework\debug\vc120.pdb
d:\visual studio 2012\coursework_all\graphic\graphics for games\debug\coursework.pdb
d:\visual studio 2012\coursework_all\graphic\graphics for games\debug\coursework.exe
d:\visual studio 2012\coursework_all\graphic\graphics for games\debug\coursework.ilk
d:\visual studio 2012\coursework_all\graphic\graphics for games\coursework\debug\coursework.tlog\cl.command.1.tlog
d:\visual studio 2012\coursework_all\graphic\graphics for games\coursework\debug\coursework.tlog\cl.read.1.tlog
d:\visual studio 2012\coursework_all\graphic\graphics for games\coursework\debug\coursework.tlog\cl.write.1.tlog
d:\visual studio 2012\coursework_all\graphic\graphics for games\coursework\debug\coursework.tlog\link.command.1.tlog
d:\visual studio 2012\coursework_all\graphic\graphics for games\coursework\debug\coursework.tlog\link.read.1.tlog
d:\visual studio 2012\coursework_all\graphic\graphics for games\coursework\debug\coursework.tlog\link.write.1.tlog
